Using pre-set license
Built from '2020.3/staging' branch; Version is '2020.3.18f1 (a7d1c678663c) revision 10998214'; Using compiler version '192528614'; Build Type 'Release'
OS: 'Windows 10 Home; OS build 19042.1165; Version 2009; 64bit' Language: 'en' Physical Memory: 16331 MB
BatchMode: 1, IsHumanControllingUs: 0, StartBugReporterOnCrash: 0, Is64bit: 1, IsPro: 0

COMMAND LINE ARGUMENTS:
C:\Program Files\Unity\Hub\Editor\2020.3.18f1\Editor\Unity.exe
-adb2
-batchMode
-noUpm
-name
AssetImportWorker0
-projectPath
C:/Users/harry/FirstTry
-logFile
Logs/AssetImportWorker0.log
-srvPort
57015
Successfully changed project path to: C:/Users/harry/FirstTry
C:/Users/harry/FirstTry
Using Asset Import Pipeline V2.
Refreshing native plugins compatible for Editor in 26.77 ms, found 2 plugins.
Preloading 0 native plugins for Editor in 0.00 ms.
Initialize engine version: 2020.3.18f1 (a7d1c678663c)
[Subsystems] Discovering subsystems at path C:/Program Files/Unity/Hub/Editor/2020.3.18f1/Editor/Data/Resources/UnitySubsystems
[Subsystems] Discovering subsystems at path C:/Users/harry/FirstTry/Assets
GfxDevice: creating device client; threaded=0
Direct3D:
    Version:  Direct3D 11.0 [level 11.1]
    Renderer: NVIDIA GeForce GTX 1080 (ID=0x1b80)
    Vendor:   
    VRAM:     8079 MB
    Driver:   30.0.14.7196
Initialize mono
Mono path[0] = 'C:/Program Files/Unity/Hub/Editor/2020.3.18f1/Editor/Data/Managed'
Mono path[1] = 'C:/Program Files/Unity/Hub/Editor/2020.3.18f1/Editor/Data/MonoBleedingEdge/lib/mono/unityjit'
Mono config path = 'C:/Program Files/Unity/Hub/Editor/2020.3.18f1/Editor/Data/MonoBleedingEdge/etc'
Using monoOptions --debugger-agent=transport=dt_socket,embedding=1,server=y,suspend=n,address=127.0.0.1:56804
Begin MonoManager ReloadAssembly
Registering precompiled unity dll's ...
Register platform support module: C:/Program Files/Unity/Hub/Editor/2020.3.18f1/Editor/Data/PlaybackEngines/WebGLSupport/UnityEditor.WebGL.Extensions.dll
Register platform support module: C:/Program Files/Unity/Hub/Editor/2020.3.18f1/Editor/Data/PlaybackEngines/WindowsStandaloneSupport/UnityEditor.WindowsStandalone.Extensions.dll
Registered in 0.003642 seconds.
Native extension for WindowsStandalone target not found
Native extension for WebGL target not found
Refreshing native plugins compatible for Editor in 25.74 ms, found 2 plugins.
Preloading 0 native plugins for Editor in 0.00 ms.
Mono: successfully reloaded assembly
- Completed reload, in  1.162 seconds
Domain Reload Profiling:
	ReloadAssembly (1162ms)
		BeginReloadAssembly (50ms)
			ExecutionOrderSort (0ms)
			DisableScriptedObjects (0ms)
			BackupInstance (0ms)
			ReleaseScriptingObjects (0ms)
			CreateAndSetChildDomain (1ms)
		EndReloadAssembly (336ms)
			LoadAssemblies (47ms)
			RebuildTransferFunctionScriptingTraits (0ms)
			SetupTypeCache (123ms)
			ReleaseScriptCaches (0ms)
			RebuildScriptCaches (25ms)
			SetupLoadedEditorAssemblies (127ms)
				LogAssemblyErrors (0ms)
				InitializePlatformSupportModulesInManaged (4ms)
				SetLoadedEditorAssemblies (0ms)
				RefreshPlugins (26ms)
				BeforeProcessingInitializeOnLoad (8ms)
				ProcessInitializeOnLoadAttributes (65ms)
				ProcessInitializeOnLoadMethodAttributes (23ms)
				AfterProcessingInitializeOnLoad (0ms)
				EditorAssembliesLoaded (0ms)
			ExecutionOrderSort2 (0ms)
			AwakeInstancesAfterBackupRestoration (0ms)
Platform modules already initialized, skipping
Registering precompiled user dll's ...
Registered in 0.004764 seconds.
Begin MonoManager ReloadAssembly
Native extension for WindowsStandalone target not found
Native extension for WebGL target not found
Refreshing native plugins compatible for Editor in 0.32 ms, found 2 plugins.
Preloading 0 native plugins for Editor in 0.00 ms.
Mono: successfully reloaded assembly
- Completed reload, in  0.831 seconds
Domain Reload Profiling:
	ReloadAssembly (832ms)
		BeginReloadAssembly (130ms)
			ExecutionOrderSort (0ms)
			DisableScriptedObjects (4ms)
			BackupInstance (0ms)
			ReleaseScriptingObjects (0ms)
			CreateAndSetChildDomain (16ms)
		EndReloadAssembly (641ms)
			LoadAssemblies (78ms)
			RebuildTransferFunctionScriptingTraits (0ms)
			SetupTypeCache (217ms)
			ReleaseScriptCaches (0ms)
			RebuildScriptCaches (34ms)
			SetupLoadedEditorAssemblies (239ms)
				LogAssemblyErrors (0ms)
				InitializePlatformSupportModulesInManaged (5ms)
				SetLoadedEditorAssemblies (0ms)
				RefreshPlugins (0ms)
				BeforeProcessingInitializeOnLoad (49ms)
				ProcessInitializeOnLoadAttributes (171ms)
				ProcessInitializeOnLoadMethodAttributes (3ms)
				AfterProcessingInitializeOnLoad (9ms)
				EditorAssembliesLoaded (0ms)
			ExecutionOrderSort2 (0ms)
			AwakeInstancesAfterBackupRestoration (6ms)
Platform modules already initialized, skipping
========================================================================
Worker process is ready to serve import requests
Launched and connected shader compiler UnityShaderCompiler.exe after 0.06 seconds
Refreshing native plugins compatible for Editor in 0.30 ms, found 2 plugins.
Preloading 0 native plugins for Editor in 0.00 ms.
Unloading 1396 Unused Serialized files (Serialized files now loaded: 0)
System memory in use before: 65.2 MB.
System memory in use after: 65.3 MB.

Unloading 16 unused Assets to reduce memory usage. Loaded Objects now: 1834.
Total: 3.278100 ms (FindLiveObjects: 0.238600 ms CreateObjectMapping: 0.042200 ms MarkObjects: 2.920800 ms  DeleteObjects: 0.075100 ms)

AssetImportParameters requested are different than current active one (requested -> active):
  custom:framework-win-MediaFoundation: 216162199b28c13a410421893ffa2e32 -> 
  custom:video-decoder-ogg-theora: a1e56fd34408186e4bbccfd4996cb3dc -> 
  custom:container-muxer-webm: aa71ff27fc2769a1b78a27578f13a17b -> 
  custom:container-demuxer-webm: 4f35f7cbe854078d1ac9338744f61a02 -> 
  custom:container-demuxer-ogg: 62fdf1f143b41e24485cea50d1cbac27 -> 
  custom:video-encoder-webm-vp8: eb34c28f22e8b96e1ab97ce403110664 -> 
  custom:video-codec-MediaFoundation-h265: 746d11721c4dcdbdad8f713fa42b33f4 -> 
  custom:video-decoder-webm-vp8: 9c59270c3fd7afecdb556c50c9e8de78 -> 
  custom:audio-decoder-ogg-vorbis: bf7c407c2cedff20999df2af8eb42d56 -> 
  custom:audio-encoder-webm-vorbis: bf7c407c2cedff20999df2af8eb42d56 -> 
========================================================================
Received Import Request.
  path: Assets
  artifactKey: Guid(00000000000000001000000000000000) Importer(815301076,1909f56bfc062723c751e8b465ee728b)
Start importing Assets using Guid(00000000000000001000000000000000) Importer(815301076,1909f56bfc062723c751e8b465ee728b)  -> (artifact id: '42d402b061de3733987d63b9cc3b64de') in 0.008094 seconds 
  Import took 0.010640 seconds .

========================================================================
Received Import Request.
  Time since last request: 0.000233 seconds.
  path: Assets/Scenes
  artifactKey: Guid(034d092d371347d49beff3ec2d4d19fe) Importer(815301076,1909f56bfc062723c751e8b465ee728b)
Start importing Assets/Scenes using Guid(034d092d371347d49beff3ec2d4d19fe) Importer(815301076,1909f56bfc062723c751e8b465ee728b)  -> (artifact id: '8e5704a662637da171882cd7b7bca7b8') in 0.004544 seconds 
  Import took 0.006751 seconds .

========================================================================
Received Import Request.
  Time since last request: 5.436563 seconds.
  path: Assets/Materials
  artifactKey: Guid(0204634d91caa754fa2ecd1dcd0d4f4a) Importer(815301076,1909f56bfc062723c751e8b465ee728b)
Start importing Assets/Materials using Guid(0204634d91caa754fa2ecd1dcd0d4f4a) Importer(815301076,1909f56bfc062723c751e8b465ee728b)  -> (artifact id: '9a4e81343b16464df1cbcb539cb5b53e') in 0.004996 seconds 
  Import took 0.007388 seconds .

========================================================================
Received Import Request.
  Time since last request: 0.000657 seconds.
  path: Assets/Materials
  artifactKey: Guid(0204634d91caa754fa2ecd1dcd0d4f4a) Importer(815301076,1909f56bfc062723c751e8b465ee728b)
Start importing Assets/Materials using Guid(0204634d91caa754fa2ecd1dcd0d4f4a) Importer(815301076,1909f56bfc062723c751e8b465ee728b)  -> (artifact id: '9a4e81343b16464df1cbcb539cb5b53e') in 0.005452 seconds 
  Import took 0.007398 seconds .

========================================================================
Received Import Request.
  Time since last request: 14.175040 seconds.
  path: Assets/Materials/FloorDirt.mat
  artifactKey: Guid(6800a70d94a81804e9653fb54b5bccbf) Importer(815301076,1909f56bfc062723c751e8b465ee728b)
Start importing Assets/Materials/FloorDirt.mat using Guid(6800a70d94a81804e9653fb54b5bccbf) Importer(815301076,1909f56bfc062723c751e8b465ee728b)  -> (artifact id: '5c6fd3759a26783f5dc708878f9ed53d') in 0.108808 seconds 
  Import took 0.111098 seconds .

========================================================================
Received Import Request.
  Time since last request: 232.867710 seconds.
  path: Assets/Materials/New Material.mat
  artifactKey: Guid(ac09d4cfccc53484982f0b6744e4cc7c) Importer(815301076,1909f56bfc062723c751e8b465ee728b)
Start importing Assets/Materials/New Material.mat using Guid(ac09d4cfccc53484982f0b6744e4cc7c) Importer(815301076,1909f56bfc062723c751e8b465ee728b)  -> (artifact id: '25a48d47ea3160ed2da0b4d5cb02cb53') in 0.028897 seconds 
  Import took 0.031670 seconds .

========================================================================
Received Import Request.
  Time since last request: 17.324977 seconds.
  path: Assets/Materials/Grass.mat
  artifactKey: Guid(ac09d4cfccc53484982f0b6744e4cc7c) Importer(815301076,1909f56bfc062723c751e8b465ee728b)
Start importing Assets/Materials/Grass.mat using Guid(ac09d4cfccc53484982f0b6744e4cc7c) Importer(815301076,1909f56bfc062723c751e8b465ee728b)  -> (artifact id: 'dd7c724fd6a051973026269126e78285') in 0.011852 seconds 
  Import took 0.014209 seconds .

========================================================================
Received Import Request.
  Time since last request: 631.447561 seconds.
  path: Assets/Materials/FloorDirt.mat
  artifactKey: Guid(6800a70d94a81804e9653fb54b5bccbf) Importer(815301076,1909f56bfc062723c751e8b465ee728b)
Start importing Assets/Materials/FloorDirt.mat using Guid(6800a70d94a81804e9653fb54b5bccbf) Importer(815301076,1909f56bfc062723c751e8b465ee728b)  -> (artifact id: '19c05fde5f18758e772e6994ee8a1534') in 0.019458 seconds 
  Import took 0.022033 seconds .

========================================================================
Received Import Request.
  Time since last request: 9.115667 seconds.
  path: Assets/Prefabs
  artifactKey: Guid(f9585b4f6ad39124b86327de893abb0f) Importer(815301076,1909f56bfc062723c751e8b465ee728b)
Start importing Assets/Prefabs using Guid(f9585b4f6ad39124b86327de893abb0f) Importer(815301076,1909f56bfc062723c751e8b465ee728b)  -> (artifact id: '03f2e9f3e56d86bf305d809c662c948a') in 0.005102 seconds 
  Import took 0.007330 seconds .

========================================================================
Received Import Request.
  Time since last request: 5.126019 seconds.
  path: Assets/Prefabs/FloorTile.prefab
  artifactKey: Guid(7500e4b534c580742be8dc37884d5f3e) Importer(815301076,1909f56bfc062723c751e8b465ee728b)
Start importing Assets/Prefabs/FloorTile.prefab using Guid(7500e4b534c580742be8dc37884d5f3e) Importer(815301076,1909f56bfc062723c751e8b465ee728b)  -> (artifact id: 'b7481999c52edeb8b619d42523ce2d3d') in 0.028852 seconds 
  Import took 0.031541 seconds .

========================================================================
Received Import Request.
  Time since last request: 0.001328 seconds.
  path: Assets/Prefabs/FloorTile.prefab
  artifactKey: Guid(7500e4b534c580742be8dc37884d5f3e) Importer(815301076,1909f56bfc062723c751e8b465ee728b)
Start importing Assets/Prefabs/FloorTile.prefab using Guid(7500e4b534c580742be8dc37884d5f3e) Importer(815301076,1909f56bfc062723c751e8b465ee728b)  -> (artifact id: 'b7481999c52edeb8b619d42523ce2d3d') in 0.038102 seconds 
  Import took 0.040406 seconds .

========================================================================
Received Import Request.
  Time since last request: 489.247634 seconds.
  path: Assets/Prefabs/FloorTile.prefab
  artifactKey: Guid(7500e4b534c580742be8dc37884d5f3e) Importer(815301076,1909f56bfc062723c751e8b465ee728b)
Start importing Assets/Prefabs/FloorTile.prefab using Guid(7500e4b534c580742be8dc37884d5f3e) Importer(815301076,1909f56bfc062723c751e8b465ee728b)  -> (artifact id: 'c0c24fa95a58e8a4af2bb5c9a962594a') in 0.010855 seconds 
  Import took 0.013218 seconds .

========================================================================
Received Import Request.
  Time since last request: 91.497913 seconds.
  path: Assets/Prefabs/FloorTile.prefab
  artifactKey: Guid(7500e4b534c580742be8dc37884d5f3e) Importer(815301076,1909f56bfc062723c751e8b465ee728b)
Start importing Assets/Prefabs/FloorTile.prefab using Guid(7500e4b534c580742be8dc37884d5f3e) Importer(815301076,1909f56bfc062723c751e8b465ee728b)  -> (artifact id: '295f750323736fe68951ddfebe260305') in 0.016982 seconds 
  Import took 0.019471 seconds .

AssetImportWorkerClient::OnTransportError - code=2 error=End of file
